Compiling the C compiler identification source file "CMakeCCompilerId.c" failed.
Compiler:  
Build flags: 
Id flags:  

The output was:
1
Microsoft (R) 生成引擎版本 15.1.1012.6693
版权所有(C) Microsoft Corporation。保留所有权利。

生成启动时间为 2017/5/2 14:50:43。
节点 1 上的项目“D:\database\jsonlearn\json-tutorial\build\CMakeFiles\3.8.0\CompilerIdC\CompilerIdC.vcxproj”(默认目标)。
PrepareForBuild:
  正在创建目录“Debug\”。
  正在创建目录“Debug\CompilerIdC.tlog\”。
InitializeBuildStatus:
  正在创建“Debug\CompilerIdC.tlog\unsuccessfulbuild”，因为已指定“AlwaysCreate”。
ClCompile:
  C:\Program Files (x86)\Microsoft Visual Studio\2017\Community\VC\Tools\MSVC\14.10.25017\bin\HostX86\x86\CL.exe /c /nologo /W0 /WX- /diagnostics:classic /Od /Oy- /D _MBCS /Gm- /EHsc /RTC1 /MDd /GS /fp:precise /Zc:wchar_t /Zc:forScope /Zc:inline /Fo"Debug\\" /Fd"Debug\vc141.pdb" /Gd /TC /analyze- /errorReport:queue CMakeCCompilerId.c
  CMakeCCompilerId.c
Link:
  C:\Program Files (x86)\Microsoft Visual Studio\2017\Community\VC\Tools\MSVC\14.10.25017\bin\HostX86\x86\link.exe /ERRORREPORT:QUEUE /OUT:".\CompilerIdC.exe" /INCREMENTAL:NO /NOLOGO kernel32.lib user32.lib gdi32.lib winspool.lib comdlg32.lib advapi32.lib shell32.lib ole32.lib oleaut32.lib uuid.lib odbc32.lib odbccp32.lib /MANIFEST /MANIFESTUAC:"level='asInvoker' uiAccess='false'" /manifest:embed /PDB:".\CompilerIdC.pdb" /SUBSYSTEM:CONSOLE /TLBID:1 /DYNAMICBASE /NXCOMPAT /IMPLIB:".\CompilerIdC.lib" /MACHINE:X86 /SAFESEH Debug\CMakeCCompilerId.obj
LINK : fatal error LNK1181: 无法打开输入文件“gdi32.lib” [D:\database\jsonlearn\json-tutorial\build\CMakeFiles\3.8.0\CompilerIdC\CompilerIdC.vcxproj]
已完成生成项目“D:\database\jsonlearn\json-tutorial\build\CMakeFiles\3.8.0\CompilerIdC\CompilerIdC.vcxproj”(默认目标)的操作 - 失败。

生成失败。

“D:\database\jsonlearn\json-tutorial\build\CMakeFiles\3.8.0\CompilerIdC\CompilerIdC.vcxproj”(默认目标) (1) ->
(Link 目标) -> 
  LINK : fatal error LNK1181: 无法打开输入文件“gdi32.lib” [D:\database\jsonlearn\json-tutorial\build\CMakeFiles\3.8.0\CompilerIdC\CompilerIdC.vcxproj]

    0 个警告
    1 个错误

已用时间 00:00:11.17


Compiling the C compiler identification source file "CMakeCCompilerId.c" failed.
Compiler:  
Build flags: 
Id flags:  

The output was:
1
Microsoft (R) 生成引擎版本 15.1.1012.6693
版权所有(C) Microsoft Corporation。保留所有权利。

生成启动时间为 2017/5/2 14:51:43。
节点 1 上的项目“D:\database\jsonlearn\json-tutorial\build\CMakeFiles\3.8.0\CompilerIdC\CompilerIdC.vcxproj”(默认目标)。
PrepareForBuild:
  正在创建目录“Debug\”。
  正在创建目录“Debug\CompilerIdC.tlog\”。
InitializeBuildStatus:
  正在创建“Debug\CompilerIdC.tlog\unsuccessfulbuild”，因为已指定“AlwaysCreate”。
ClCompile:
  C:\Program Files (x86)\Microsoft Visual Studio\2017\Community\VC\Tools\MSVC\14.10.25017\bin\HostX86\x86\CL.exe /c /nologo /W0 /WX- /diagnostics:classic /Od /Oy- /D _MBCS /Gm- /EHsc /RTC1 /MDd /GS /fp:precise /Zc:wchar_t /Zc:forScope /Zc:inline /Fo"Debug\\" /Fd"Debug\vc141.pdb" /Gd /TC /analyze- /errorReport:queue CMakeCCompilerId.c
  CMakeCCompilerId.c
Link:
  C:\Program Files (x86)\Microsoft Visual Studio\2017\Community\VC\Tools\MSVC\14.10.25017\bin\HostX86\x86\link.exe /ERRORREPORT:QUEUE /OUT:".\CompilerIdC.exe" /INCREMENTAL:NO /NOLOGO kernel32.lib user32.lib gdi32.lib winspool.lib comdlg32.lib advapi32.lib shell32.lib ole32.lib oleaut32.lib uuid.lib odbc32.lib odbccp32.lib /MANIFEST /MANIFESTUAC:"level='asInvoker' uiAccess='false'" /manifest:embed /PDB:".\CompilerIdC.pdb" /SUBSYSTEM:CONSOLE /TLBID:1 /DYNAMICBASE /NXCOMPAT /IMPLIB:".\CompilerIdC.lib" /MACHINE:X86 /SAFESEH Debug\CMakeCCompilerId.obj
LINK : fatal error LNK1181: 无法打开输入文件“gdi32.lib” [D:\database\jsonlearn\json-tutorial\build\CMakeFiles\3.8.0\CompilerIdC\CompilerIdC.vcxproj]
已完成生成项目“D:\database\jsonlearn\json-tutorial\build\CMakeFiles\3.8.0\CompilerIdC\CompilerIdC.vcxproj”(默认目标)的操作 - 失败。

生成失败。

“D:\database\jsonlearn\json-tutorial\build\CMakeFiles\3.8.0\CompilerIdC\CompilerIdC.vcxproj”(默认目标) (1) ->
(Link 目标) -> 
  LINK : fatal error LNK1181: 无法打开输入文件“gdi32.lib” [D:\database\jsonlearn\json-tutorial\build\CMakeFiles\3.8.0\CompilerIdC\CompilerIdC.vcxproj]

    0 个警告
    1 个错误

已用时间 00:00:00.53


Compiling the C compiler identification source file "CMakeCCompilerId.c" failed.
Compiler:  
Build flags: 
Id flags:  

The output was:
1
Microsoft (R) 生成引擎版本 15.1.1012.6693
版权所有(C) Microsoft Corporation。保留所有权利。

生成启动时间为 2017/5/2 14:53:44。
节点 1 上的项目“D:\database\jsonlearn\json-tutorial\build\CMakeFiles\3.8.0\CompilerIdC\CompilerIdC.vcxproj”(默认目标)。
PrepareForBuild:
  正在创建目录“Debug\”。
  正在创建目录“Debug\CompilerIdC.tlog\”。
InitializeBuildStatus:
  正在创建“Debug\CompilerIdC.tlog\unsuccessfulbuild”，因为已指定“AlwaysCreate”。
ClCompile:
  C:\Program Files (x86)\Microsoft Visual Studio\2017\Community\VC\Tools\MSVC\14.10.25017\bin\HostX86\x86\CL.exe /c /nologo /W0 /WX- /diagnostics:classic /Od /Oy- /D _MBCS /Gm- /EHsc /RTC1 /MDd /GS /fp:precise /Zc:wchar_t /Zc:forScope /Zc:inline /Fo"Debug\\" /Fd"Debug\vc141.pdb" /Gd /TC /analyze- /errorReport:queue CMakeCCompilerId.c
  CMakeCCompilerId.c
Link:
  C:\Program Files (x86)\Microsoft Visual Studio\2017\Community\VC\Tools\MSVC\14.10.25017\bin\HostX86\x86\link.exe /ERRORREPORT:QUEUE /OUT:".\CompilerIdC.exe" /INCREMENTAL:NO /NOLOGO kernel32.lib user32.lib gdi32.lib winspool.lib comdlg32.lib advapi32.lib shell32.lib ole32.lib oleaut32.lib uuid.lib odbc32.lib odbccp32.lib /MANIFEST /MANIFESTUAC:"level='asInvoker' uiAccess='false'" /manifest:embed /PDB:".\CompilerIdC.pdb" /SUBSYSTEM:CONSOLE /TLBID:1 /DYNAMICBASE /NXCOMPAT /IMPLIB:".\CompilerIdC.lib" /MACHINE:X86 /SAFESEH Debug\CMakeCCompilerId.obj
LINK : fatal error LNK1181: 无法打开输入文件“gdi32.lib” [D:\database\jsonlearn\json-tutorial\build\CMakeFiles\3.8.0\CompilerIdC\CompilerIdC.vcxproj]
已完成生成项目“D:\database\jsonlearn\json-tutorial\build\CMakeFiles\3.8.0\CompilerIdC\CompilerIdC.vcxproj”(默认目标)的操作 - 失败。

生成失败。

“D:\database\jsonlearn\json-tutorial\build\CMakeFiles\3.8.0\CompilerIdC\CompilerIdC.vcxproj”(默认目标) (1) ->
(Link 目标) -> 
  LINK : fatal error LNK1181: 无法打开输入文件“gdi32.lib” [D:\database\jsonlearn\json-tutorial\build\CMakeFiles\3.8.0\CompilerIdC\CompilerIdC.vcxproj]

    0 个警告
    1 个错误

已用时间 00:00:00.58


Compiling the C compiler identification source file "CMakeCCompilerId.c" failed.
Compiler:  
Build flags: 
Id flags:  

The output was:
1
Microsoft (R) 生成引擎版本 15.1.1012.6693
版权所有(C) Microsoft Corporation。保留所有权利。

生成启动时间为 2017/5/2 14:55:36。
节点 1 上的项目“D:\database\jsonlearn\json-tutorial\build\CMakeFiles\3.8.0\CompilerIdC\CompilerIdC.vcxproj”(默认目标)。
PrepareForBuild:
  正在创建目录“Debug\”。
  正在创建目录“Debug\CompilerIdC.tlog\”。
InitializeBuildStatus:
  正在创建“Debug\CompilerIdC.tlog\unsuccessfulbuild”，因为已指定“AlwaysCreate”。
ClCompile:
  C:\Program Files (x86)\Microsoft Visual Studio\2017\Community\VC\Tools\MSVC\14.10.25017\bin\HostX86\x86\CL.exe /c /nologo /W0 /WX- /diagnostics:classic /Od /Oy- /D _MBCS /Gm- /EHsc /RTC1 /MDd /GS /fp:precise /Zc:wchar_t /Zc:forScope /Zc:inline /Fo"Debug\\" /Fd"Debug\vc141.pdb" /Gd /TC /analyze- /errorReport:queue CMakeCCompilerId.c
  CMakeCCompilerId.c
Link:
  C:\Program Files (x86)\Microsoft Visual Studio\2017\Community\VC\Tools\MSVC\14.10.25017\bin\HostX86\x86\link.exe /ERRORREPORT:QUEUE /OUT:".\CompilerIdC.exe" /INCREMENTAL:NO /NOLOGO kernel32.lib user32.lib gdi32.lib winspool.lib comdlg32.lib advapi32.lib shell32.lib ole32.lib oleaut32.lib uuid.lib odbc32.lib odbccp32.lib /MANIFEST /MANIFESTUAC:"level='asInvoker' uiAccess='false'" /manifest:embed /PDB:".\CompilerIdC.pdb" /SUBSYSTEM:CONSOLE /TLBID:1 /DYNAMICBASE /NXCOMPAT /IMPLIB:".\CompilerIdC.lib" /MACHINE:X86 /SAFESEH Debug\CMakeCCompilerId.obj
LINK : fatal error LNK1181: 无法打开输入文件“gdi32.lib” [D:\database\jsonlearn\json-tutorial\build\CMakeFiles\3.8.0\CompilerIdC\CompilerIdC.vcxproj]
已完成生成项目“D:\database\jsonlearn\json-tutorial\build\CMakeFiles\3.8.0\CompilerIdC\CompilerIdC.vcxproj”(默认目标)的操作 - 失败。

生成失败。

“D:\database\jsonlearn\json-tutorial\build\CMakeFiles\3.8.0\CompilerIdC\CompilerIdC.vcxproj”(默认目标) (1) ->
(Link 目标) -> 
  LINK : fatal error LNK1181: 无法打开输入文件“gdi32.lib” [D:\database\jsonlearn\json-tutorial\build\CMakeFiles\3.8.0\CompilerIdC\CompilerIdC.vcxproj]

    0 个警告
    1 个错误

已用时间 00:00:00.56


Compiling the C compiler identification source file "CMakeCCompilerId.c" failed.
Compiler:  
Build flags: 
Id flags:  

The output was:
1
Microsoft (R) 生成引擎版本 15.1.1012.6693
版权所有(C) Microsoft Corporation。保留所有权利。

生成启动时间为 2017/5/2 14:55:40。
节点 1 上的项目“D:\database\jsonlearn\json-tutorial\build\CMakeFiles\3.8.0\CompilerIdC\CompilerIdC.vcxproj”(默认目标)。
PrepareForBuild:
  正在创建目录“Debug\”。
  正在创建目录“Debug\CompilerIdC.tlog\”。
InitializeBuildStatus:
  正在创建“Debug\CompilerIdC.tlog\unsuccessfulbuild”，因为已指定“AlwaysCreate”。
ClCompile:
  C:\Program Files (x86)\Microsoft Visual Studio\2017\Community\VC\Tools\MSVC\14.10.25017\bin\HostX86\x86\CL.exe /c /nologo /W0 /WX- /diagnostics:classic /Od /Oy- /D _MBCS /Gm- /EHsc /RTC1 /MDd /GS /fp:precise /Zc:wchar_t /Zc:forScope /Zc:inline /Fo"Debug\\" /Fd"Debug\vc141.pdb" /Gd /TC /analyze- /errorReport:queue CMakeCCompilerId.c
  CMakeCCompilerId.c
Link:
  C:\Program Files (x86)\Microsoft Visual Studio\2017\Community\VC\Tools\MSVC\14.10.25017\bin\HostX86\x86\link.exe /ERRORREPORT:QUEUE /OUT:".\CompilerIdC.exe" /INCREMENTAL:NO /NOLOGO kernel32.lib user32.lib gdi32.lib winspool.lib comdlg32.lib advapi32.lib shell32.lib ole32.lib oleaut32.lib uuid.lib odbc32.lib odbccp32.lib /MANIFEST /MANIFESTUAC:"level='asInvoker' uiAccess='false'" /manifest:embed /PDB:".\CompilerIdC.pdb" /SUBSYSTEM:CONSOLE /TLBID:1 /DYNAMICBASE /NXCOMPAT /IMPLIB:".\CompilerIdC.lib" /MACHINE:X86 /SAFESEH Debug\CMakeCCompilerId.obj
LINK : fatal error LNK1181: 无法打开输入文件“gdi32.lib” [D:\database\jsonlearn\json-tutorial\build\CMakeFiles\3.8.0\CompilerIdC\CompilerIdC.vcxproj]
已完成生成项目“D:\database\jsonlearn\json-tutorial\build\CMakeFiles\3.8.0\CompilerIdC\CompilerIdC.vcxproj”(默认目标)的操作 - 失败。

生成失败。

“D:\database\jsonlearn\json-tutorial\build\CMakeFiles\3.8.0\CompilerIdC\CompilerIdC.vcxproj”(默认目标) (1) ->
(Link 目标) -> 
  LINK : fatal error LNK1181: 无法打开输入文件“gdi32.lib” [D:\database\jsonlearn\json-tutorial\build\CMakeFiles\3.8.0\CompilerIdC\CompilerIdC.vcxproj]

    0 个警告
    1 个错误

已用时间 00:00:00.63


